<?xml version="1.0" encoding="UTF-8"?>
<!-- Generated by org.testng.reporters.JUnitReportReporter -->
<testsuite hostname="DESKTOP-ARJSDPO" failures="0" tests="5" name="testcases.Tests$ExtendDemo" time="117.594" errors="0" timestamp="2024-09-01T20:16:33 IST" skipped="0">
  <testcase classname="testcases.Tests$ExtendDemo" name="testpainrelievers" time="19.315"/>
  <system-out/>
  <testcase classname="testcases.Tests$ExtendDemo" name="testWomensCare" time="25.652"/>
  <system-out/>
  <testcase classname="testcases.Tests$ExtendDemo" name="testHealth" time="18.366"/>
  <system-out/>
  <testcase classname="testcases.Tests$ExtendDemo" name="testHealthSuupliments" time="29.355"/>
  <system-out/>
  <testcase classname="testcases.Tests$ExtendDemo" name="Beauty" time="24.906"/>
  <system-out/>
</testsuite> <!-- testcases.Tests$ExtendDemo -->
