<?xml version="1.0" encoding="UTF-8"?>
<!-- Generated by org.testng.reporters.JUnitReportReporter -->
<testsuite hostname="DESKTOP-ARJSDPO" failures="0" tests="5" name="testcases.Tests" time="99.363" errors="0" timestamp="2024-09-01T13:30:06 IST" skipped="0">
  <testcase classname="testcases.Tests" name="testWomensCare" time="31.217"/>
  <system-out/>
  <testcase classname="testcases.Tests" name="testpainrelievers" time="19.446"/>
  <system-out/>
  <testcase classname="testcases.Tests" name="testHealth" time="16.746"/>
  <system-out/>
  <testcase classname="testcases.Tests" name="testHealthSuupliments" time="14.084"/>
  <system-out/>
  <testcase classname="testcases.Tests" name="Beauty" time="17.870"/>
  <system-out/>
</testsuite> <!-- testcases.Tests -->
